<?xml version="1.0" encoding="UTF-8"?>
<!-- Generated by org.testng.reporters.JUnitReportReporter -->
<testsuite hostname="PARAMVEER" failures="0" tests="2" name="qaclickacademy.AppiumTest" time="0.012" errors="0" timestamp="2021-11-27T15:03:20 IST" skipped="0">
  <testcase classname="qaclickacademy.AppiumTest" name="NativeAPPAndroid" time="0.002"/>
  <system-out/>
  <testcase classname="qaclickacademy.AppiumTest" name="ISOApps" time="0.010"/>
  <system-out/>
</testsuite> <!-- qaclickacademy.AppiumTest -->
